C51 COMPILER V9.53.0.0   DRV8825                                                           10/23/2016 00:58:56 PAGE 1   


C51 COMPILER V9.53.0.0, COMPILATION OF MODULE DRV8825
OBJECT MODULE PLACED IN .\src/drv8825.OBJ
COMPILER INVOKED BY: Z:\Applications\SimplicityStudio_v3\developer\toolchains\keil_8051\9.53\BIN\C51.exe /Users/sherifei
                    -d/plugge_git/R1001/firmware/R1001_fw/src/drv8825.c OMF2 SMALL DEBUG OBJECTEXTEND ROM(LARGE) WARNINGLEVEL(2) FLOATFUZZY(3
                    -) OPTIMIZE(9,SPEED) DEFINE(NDEBUG=1) INTVECTOR(0X0000) INTPROMOTE INCDIR(/Users/sherifeid/plugge_git/R1001/firmware/R100
                    -1_fw/inc;/Applications/SimplicityStudio_v3/developer/sdks/si8051/v3//Device/shared/si8051Base;/Applications/SimplicitySt
                    -udio_v3/developer/sdks/si8051/v3//Device/EFM8BB1;/Applications/SimplicityStudio_v3/developer/sdks/si8051/v3//Device/EFM8
                    -BB1/inc) REGFILE(R1001_fw.ORC) PRINT(.\src/drv8825.lst) COND PAGEWIDTH(120) PAGELENGTH(65) OBJECT(.\src/drv8825.OBJ)

line level    source

   1          /*
   2           * drv8825.c
   3           *
   4           *  Created on: Sep 8, 2016
   5           *      Author: sherifeid
   6           */
   7          
   8          #include "drv8825.h"
   9          #include <SI_EFM8BB1_Register_Enums.h>                  // SFR declarations
  10          #include "compiler_defs.h"
  11          #include <intrins.h>
  12          #include "global.h"
  13          
  14          // This source includes all control functions for DRV8825 chip
  15          
  16          // Global variables
  17          unsigned char IDRVH;
  18          unsigned char IDRVL;
  19          char MCTL;
  20          char MSTAT;
  21          char StepRes;
  22          
  23          //-----------------------------------------------------------------------------
  24          // DRV8825 Pin Declarations
  25          //-----------------------------------------------------------------------------
  26          // Output pins
  27          SBIT(DRESETB, SFR_P0, 5);                                               // Driver reset pin
  28          SBIT(DSLEEPB, SFR_P0, 6);                                               // Driver sleep pin
  29          SBIT(DECAY, SFR_P1, 0);                                                         // Driver decay pin
  30          SBIT(MODE0, SFR_P1, 1);                                                         // Driver mode0 pin
  31          SBIT(MODE1, SFR_P1, 2);                                                         // Driver mode1 pin
  32          SBIT(MODE2, SFR_P1, 3);                                                         // Driver mode2 pin
  33          
  34          // Input pins
  35          SBIT(FAULTB, SFR_P0, 7);
  36          SBIT(HOMEB, SFR_P1, 4);
  37          
  38          void SetDecayFast (char val)
  39          {
  40   1              // This function sets the decay mode
  41   1          // @param val: if true then decay is set fast, otherwise slow
  42   1              if (val){
  43   2                  DECAY = 1;                                      // set to fast decay
  44   2              }
  45   1              else{
  46   2                  DECAY = 0;                                      // set to slow decay
  47   2              }
  48   1      }
  49          
  50          void ResetDriver (void)
  51          {
C51 COMPILER V9.53.0.0   DRV8825                                                           10/23/2016 00:58:56 PAGE 2   

  52   1              unsigned i;     // for loop variable
  53   1              // Reset pulse for the motor driver
  54   1              DRESETB = 0;                    // set resetb to 0, get driver into reset
  55   1              for (i=0; i<10000; i++)
  56   1              {
  57   2                      _nop_ ();                       // assembly NOP
  58   2              }
  59   1              DRESETB = 1;                    // set resetb to 1, get driver out of reset
  60   1              DSLEEPB = 1;                    // get driver out of sleep mode
  61   1      }
  62          
  63          void SetSteppingMode (void)
  64          {
  65   1              // this function assigns stepping modes
  66   1              // steps        : stepping resolution in power of 2, stepping = 2^steps
  67   1              // example, if steps = 4, stepping to 1/16
  68   1              // if the input value of 'steps' in invalid (no 1,2,4,8,16,32) then it defaults to 1/32
  69   1              switch(StepRes) {
  70   2              case 0:
  71   2                      MODE0 = 0;
  72   2                      MODE1 = 0;
  73   2                      MODE2 = 0;
  74   2                      break;
  75   2              case 1:
  76   2                      MODE0 = 1;
  77   2                      MODE1 = 0;
  78   2                      MODE2 = 0;
  79   2                      break;
  80   2              case 2:
  81   2                      MODE0 = 0;
  82   2                      MODE1 = 1;
  83   2                      MODE2 = 0;
  84   2                      break;
  85   2              case 3:
  86   2                      MODE0 = 1;
  87   2                      MODE1 = 1;
  88   2                      MODE2 = 0;
  89   2                      break;
  90   2              case 4:
  91   2                      MODE0 = 0;
  92   2                      MODE1 = 0;
  93   2                      MODE2 = 1;
  94   2                      break;
  95   2              default :
  96   2                      // defaults to 1/32
  97   2                      MODE0 = 1;
  98   2                      MODE1 = 0;
  99   2                      MODE2 = 1;
 100   2              }
 101   1      }
 102          
 103          void SetDriveCurrent (void)
 104          {
 105   1          // This function sets the drive current based on that values in IL and IH
 106   1      //    unsigned int drivecurrent;
 107   1          float drivecurrent;
 108   1      //    drivecurrent = (unsigned int)IDRVH * 256 + (unsigned int)IDRVL;
 109   1          drivecurrent = (float)IDRVH * 256 + (float)IDRVL;
 110   1          if (drivecurrent > 2000){
 111   2              // limit drive current to 2A (2000mA)
 112   2              drivecurrent = 2000;
 113   2          }
 114   1          // current = 2A when vout = 2.5V
C51 COMPILER V9.53.0.0   DRV8825                                                           10/23/2016 00:58:56 PAGE 3   

 115   1          // VDD = 3.3V, so max pwm value is 194
 116   1          PCA0CPH0 = (char)(194*drivecurrent/2000);                   // set PWMVREF value
 117   1      
 118   1          // FIXME Next steps, set static value to 194, see what comes out
 119   1          // FIXME set static value to 128, see what comes out
 120   1          // if it's not correct then the problem is with the division operation
 121   1      }
 122          
 123          void RefreshMCTL (void)
 124          {
 125   1          // This function read the value of MCTL, executes the value and refreshes it
 126   1          // first we check for a reset condition
 127   1          if ((MCTL & 0x80) != 0){
 128   2              // reset condition initiates here
 129   2              ResetDriver();
 130   2              // set reset flag to zero in MCTL
 131   2              MCTL &= 0x7F;
 132   2          }
 133   1      
 134   1          // set sleep pin
 135   1          if ((MCTL & 0x04) == 0){
 136   2              // set sleep# pin to 1
 137   2              DSLEEPB = 1;
 138   2          }
 139   1          else{
 140   2              // set sleep# pin to 0
 141   2              DSLEEPB = 0;
 142   2          }
 143   1      
 144   1          // look at decay pins
 145   1          if ((MCTL & 0x02) == 1){
 146   2              // mixed decay bit is set
 147   2              // set decay pin P1.0 to open-drain, keep other values to reset state
 148   2              P1MDOUT = P1MDOUT_B0__OPEN_DRAIN | P1MDOUT_B1__PUSH_PULL
 149   2                      | P1MDOUT_B2__PUSH_PULL | P1MDOUT_B3__PUSH_PULL
 150   2                      | P1MDOUT_B4__OPEN_DRAIN | P1MDOUT_B5__OPEN_DRAIN
 151   2                      | P1MDOUT_B6__OPEN_DRAIN;
 152   2      
 153   2              // set P1.0 pin to high, make sure it's not driving low
 154   2              DECAY = 0;
 155   2          }
 156   1          else{
 157   2      
 158   2              // P1.0 to push-pull, keep other values to reset state
 159   2              P1MDOUT = P1MDOUT_B0__PUSH_PULL | P1MDOUT_B1__PUSH_PULL
 160   2                      | P1MDOUT_B2__PUSH_PULL | P1MDOUT_B3__PUSH_PULL
 161   2                      | P1MDOUT_B4__OPEN_DRAIN | P1MDOUT_B5__OPEN_DRAIN
 162   2                      | P1MDOUT_B6__OPEN_DRAIN;
 163   2      
 164   2              if ((MCTL & 0x01 == 1)){
 165   3                  // set decay to fast
 166   3                  SetDecayFast(1);
 167   3              }
 168   2              else{
 169   3                  // set decay to slow
 170   3                  SetDecayFast(0);
 171   3              }
 172   2          }
 173   1      
 174   1          // mask MCTL and set bits 6:3 to 0
 175   1          MCTL &= 87;
 176   1      
 177   1      }
C51 COMPILER V9.53.0.0   DRV8825                                                           10/23/2016 00:58:56 PAGE 4   

 178          
 179          void RefreshMSTAT (void)
 180          {
 181   1          // this function refreshes MSTAT register
 182   1          MSTAT = 0;                                          // initial value of 0x00
 183   1      
 184   1          if (FAULTB == 0){
 185   2              MSTAT |= 0x01;                                  // set fault bit
 186   2          }
 187   1      
 188   1          if (HOMEB == 0){
 189   2              MSTAT |= 0x20;                                  // set home bit
 190   2          }
 191   1      }
 192          
 193          void drv8825_init(void)
 194          {
 195   1          // this function loads the default values and initializes the driver
 196   1      
 197   1          // initialize MCTL
 198   1          MCTL = 0x81;
 199   1          RefreshMCTL();
 200   1      
 201   1          // set stepping resolution
 202   1          StepRes = StepRes_default;
 203   1          SetSteppingMode();
 204   1      
 205   1          // initialize drive current
 206   1          IDRVH = IDRVH_default;
 207   1          IDRVL = IDRVL_default;
 208   1          SetDriveCurrent();
 209   1      }


MODULE INFORMATION:   STATIC OVERLAYABLE
   CODE SIZE        =    289    ----
   CONSTANT SIZE    =   ----    ----
   XDATA SIZE       =   ----    ----
   PDATA SIZE       =   ----    ----
   DATA SIZE        =      5       4
   IDATA SIZE       =   ----    ----
   BIT SIZE         =   ----    ----
   EDATA SIZE       =   ----    ----
   HDATA SIZE       =   ----    ----
   XDATA CONST SIZE =   ----    ----
   FAR CONST SIZE   =   ----    ----
END OF MODULE INFORMATION.


C51 COMPILATION COMPLETE.  0 WARNING(S),  0 ERROR(S)
